# JRE version: OpenJDK Runtime Environment GraalVM CE 22.3.0 (17.0.5+8) (build 17.0.5+8-jvmci-22.3-b08)
# Java VM: OpenJDK 64-Bit Server VM GraalVM CE 22.3.0 (17.0.5+8-jvmci-22.3-b08, mixed mode, sharing, tiered, jvmci, jvmci compiler, compressed oops, compressed class ptrs, parallel gc, linux-amd64)
GC Precious Log:
 CPUs: 8 total, 2 available
 Memory: 3215M
 Large Page Support: Disabled
 NUMA Support: Disabled
 Compressed Oops: Enabled (32-bit)
 Alignments: Space 512K, Generation 512K, Heap 2M
 Heap Min Capacity: 100M
 Heap Initial Capacity: 100M
 Heap Max Capacity: 512M
 Pre-touch: Disabled
 Parallel Workers: 2
Heap:
 PSYoungGen      total 31232K, used 22016K [0x00000000f5580000, 0x00000000f7e80000, 0x0000000100000000)
  eden space 22016K, 100% used [0x00000000f5580000,0x00000000f6b00000,0x00000000f6b00000)
  from space 9216K, 0% used [0x00000000f6b00000,0x00000000f6b00000,0x00000000f7400000)
  to   space 7168K, 0% used [0x00000000f7580000,0x00000000f7580000,0x00000000f7c80000)
 ParOldGen       total 349696K, used 349694K [0x00000000e0000000, 0x00000000f5580000, 0x00000000f5580000)
  object space 349696K, 99% used [0x00000000e0000000,0x00000000f557fa48,0x00000000f5580000)
 Metaspace       used 52701K, committed 53696K, reserved 1097728K
  class space    used 4992K, committed 5440K, reserved 1048576K
GC Heap History (20 events):
Event: 507.642 GC heap before
{Heap before GC invocations=810 (full 735):
 PSYoungGen      total 31232K, used 22015K [0x00000000f5580000, 0x00000000f7e80000, 0x0000000100000000)
  eden space 22016K, 99% used [0x00000000f5580000,0x00000000f6affff8,0x00000000f6b00000)
  from space 9216K, 0% used [0x00000000f6b00000,0x00000000f6b00000,0x00000000f7400000)
  to   space 7168K, 0% used [0x00000000f7580000,0x00000000f7580000,0x00000000f7c80000)
 ParOldGen       total 349696K, used 349695K [0x00000000e0000000, 0x00000000f5580000, 0x00000000f5580000)
  object space 349696K, 99% used [0x00000000e0000000,0x00000000f557ffe8,0x00000000f5580000)
 Metaspace       used 52696K, committed 53696K, reserved 1097728K
  class space    used 4992K, committed 5440K, reserved 1048576K
}
Event: 508.139 GC heap after
{Heap after GC invocations=810 (full 735):
 PSYoungGen      total 29184K, used 22005K [0x00000000f5580000, 0x00000000f7e80000, 0x0000000100000000)
  eden space 22016K, 99% used [0x00000000f5580000,0x00000000f6afd580,0x00000000f6b00000)
  from space 7168K, 0% used [0x00000000f7580000,0x00000000f7580000,0x00000000f7c80000)
  to   space 9216K, 0% used [0x00000000f6b00000,0x00000000f6b00000,0x00000000f7400000)
 ParOldGen       total 349696K, used 349695K [0x00000000e0000000, 0x00000000f5580000, 0x00000000f5580000)
  object space 349696K, 99% used [0x00000000e0000000,0x00000000f557ffe8,0x00000000f5580000)
 Metaspace       used 52696K, committed 53696K, reserved 1097728K
  class space    used 4992K, committed 5440K, reserved 1048576K
}
Event: 508.140 GC heap before
{Heap before GC invocations=811 (full 736):
 PSYoungGen      total 29184K, used 22016K [0x00000000f5580000, 0x00000000f7e80000, 0x0000000100000000)
  eden space 22016K, 100% used [0x00000000f5580000,0x00000000f6b00000,0x00000000f6b00000)
  from space 7168K, 0% used [0x00000000f7580000,0x00000000f7580000,0x00000000f7c80000)
  to   space 9216K, 0% used [0x00000000f6b00000,0x00000000f6b00000,0x00000000f7400000)
 ParOldGen       total 349696K, used 349695K [0x00000000e0000000, 0x00000000f5580000, 0x00000000f5580000)
  object space 349696K, 99% used [0x00000000e0000000,0x00000000f557ffe8,0x00000000f5580000)
 Metaspace       used 52696K, committed 53696K, reserved 1097728K
  class space    used 4992K, committed 5440K, reserved 1048576K
}
Event: 508.608 GC heap after
{Heap after GC invocations=811 (full 736):
 PSYoungGen      total 31232K, used 22008K [0x00000000f5580000, 0x00000000f7e80000, 0x0000000100000000)
  eden space 22016K, 99% used [0x00000000f5580000,0x00000000f6afe000,0x00000000f6b00000)
  from space 9216K, 0% used [0x00000000f6b00000,0x00000000f6b00000,0x00000000f7400000)
  to   space 7168K, 0% used [0x00000000f7580000,0x00000000f7580000,0x00000000f7c80000)
 ParOldGen       total 349696K, used 349695K [0x00000000e0000000, 0x00000000f5580000, 0x00000000f5580000)
  object space 349696K, 99% used [0x00000000e0000000,0x00000000f557ffe8,0x00000000f5580000)
 Metaspace       used 52696K, committed 53696K, reserved 1097728K
  class space    used 4992K, committed 5440K, reserved 1048576K
}
Event: 508.609 GC heap before
{Heap before GC invocations=812 (full 737):
 PSYoungGen      total 31232K, used 22016K [0x00000000f5580000, 0x00000000f7e80000, 0x0000000100000000)
  eden space 22016K, 100% used [0x00000000f5580000,0x00000000f6b00000,0x00000000f6b00000)
  from space 9216K, 0% used [0x00000000f6b00000,0x00000000f6b00000,0x00000000f7400000)
  to   space 7168K, 0% used [0x00000000f7580000,0x00000000f7580000,0x00000000f7c80000)
 ParOldGen       total 349696K, used 349695K [0x00000000e0000000, 0x00000000f5580000, 0x00000000f5580000)
  object space 349696K, 99% used [0x00000000e0000000,0x00000000f557ffe8,0x00000000f5580000)
 Metaspace       used 52696K, committed 53696K, reserved 1097728K
  class space    used 4992K, committed 5440K, reserved 1048576K
}
Event: 509.202 GC heap after
{Heap after GC invocations=812 (full 737):
 PSYoungGen      total 29184K, used 22012K [0x00000000f5580000, 0x00000000f7e80000, 0x0000000100000000)
  eden space 22016K, 99% used [0x00000000f5580000,0x00000000f6aff398,0x00000000f6b00000)
  from space 7168K, 0% used [0x00000000f7580000,0x00000000f7580000,0x00000000f7c80000)
  to   space 9216K, 0% used [0x00000000f6b00000,0x00000000f6b00000,0x00000000f7400000)
 ParOldGen       total 349696K, used 349695K [0x00000000e0000000, 0x00000000f5580000, 0x00000000f5580000)
  object space 349696K, 99% used [0x00000000e0000000,0x00000000f557ffe8,0x00000000f5580000)
 Metaspace       used 52696K, committed 53696K, reserved 1097728K
  class space    used 4992K, committed 5440K, reserved 1048576K
}
Event: 509.208 GC heap before
{Heap before GC invocations=813 (full 738):
 PSYoungGen      total 29184K, used 22016K [0x00000000f5580000, 0x00000000f7e80000, 0x0000000100000000)
  eden space 22016K, 100% used [0x00000000f5580000,0x00000000f6b00000,0x00000000f6b00000)
  from space 7168K, 0% used [0x00000000f7580000,0x00000000f7580000,0x00000000f7c80000)
  to   space 9216K, 0% used [0x00000000f6b00000,0x00000000f6b00000,0x00000000f7400000)
 ParOldGen       total 349696K, used 349695K [0x00000000e0000000, 0x00000000f5580000, 0x00000000f5580000)
  object space 349696K, 99% used [0x00000000e0000000,0x00000000f557ffe8,0x00000000f5580000)
 Metaspace       used 52700K, committed 53696K, reserved 1097728K
  class space    used 4992K, committed 5440K, reserved 1048576K
}
Event: 509.735 GC heap after
{Heap after GC invocations=813 (full 738):
 PSYoungGen      total 31232K, used 22013K [0x00000000f5580000, 0x00000000f7e80000, 0x0000000100000000)
  eden space 22016K, 99% used [0x00000000f5580000,0x00000000f6aff530,0x00000000f6b00000)
  from space 9216K, 0% used [0x00000000f6b00000,0x00000000f6b00000,0x00000000f7400000)
  to   space 7168K, 0% used [0x00000000f7580000,0x00000000f7580000,0x00000000f7c80000)
 ParOldGen       total 349696K, used 349695K [0x00000000e0000000, 0x00000000f5580000, 0x00000000f5580000)
  object space 349696K, 99% used [0x00000000e0000000,0x00000000f557ffe8,0x00000000f5580000)
 Metaspace       used 52700K, committed 53696K, reserved 1097728K
  class space    used 4992K, committed 5440K, reserved 1048576K
}
Event: 509.740 GC heap before
{Heap before GC invocations=814 (full 739):
 PSYoungGen      total 31232K, used 22015K [0x00000000f5580000, 0x00000000f7e80000, 0x0000000100000000)
  eden space 22016K, 99% used [0x00000000f5580000,0x00000000f6afffe0,0x00000000f6b00000)
  from space 9216K, 0% used [0x00000000f6b00000,0x00000000f6b00000,0x00000000f7400000)
  to   space 7168K, 0% used [0x00000000f7580000,0x00000000f7580000,0x00000000f7c80000)
 ParOldGen       total 349696K, used 349695K [0x00000000e0000000, 0x00000000f5580000, 0x00000000f5580000)
  object space 349696K, 99% used [0x00000000e0000000,0x00000000f557ffe8,0x00000000f5580000)
 Metaspace       used 52700K, committed 53696K, reserved 1097728K
  class space    used 4992K, committed 5440K, reserved 1048576K
}
Event: 510.232 GC heap after
{Heap after GC invocations=814 (full 739):
 PSYoungGen      total 29184K, used 22014K [0x00000000f5580000, 0x00000000f7e80000, 0x0000000100000000)
  eden space 22016K, 99% used [0x00000000f5580000,0x00000000f6aff8d0,0x00000000f6b00000)
  from space 7168K, 0% used [0x00000000f7580000,0x00000000f7580000,0x00000000f7c80000)
  to   space 9216K, 0% used [0x00000000f6b00000,0x00000000f6b00000,0x00000000f7400000)
 ParOldGen       total 349696K, used 349695K [0x00000000e0000000, 0x00000000f5580000, 0x00000000f5580000)
  object space 349696K, 99% used [0x00000000e0000000,0x00000000f557ffe8,0x00000000f5580000)
 Metaspace       used 52700K, committed 53696K, reserved 1097728K
  class space    used 4992K, committed 5440K, reserved 1048576K
}
Event: 510.234 GC heap before
{Heap before GC invocations=815 (full 740):
 PSYoungGen      total 29184K, used 22015K [0x00000000f5580000, 0x00000000f7e80000, 0x0000000100000000)
  eden space 22016K, 99% used [0x00000000f5580000,0x00000000f6afffc0,0x00000000f6b00000)
  from space 7168K, 0% used [0x00000000f7580000,0x00000000f7580000,0x00000000f7c80000)
  to   space 9216K, 0% used [0x00000000f6b00000,0x00000000f6b00000,0x00000000f7400000)
 ParOldGen       total 349696K, used 349695K [0x00000000e0000000, 0x00000000f5580000, 0x00000000f5580000)
  object space 349696K, 99% used [0x00000000e0000000,0x00000000f557ffe8,0x00000000f5580000)
 Metaspace       used 52701K, committed 53696K, reserved 1097728K
  class space    used 4992K, committed 5440K, reserved 1048576K
}
Event: 510.720 GC heap after
{Heap after GC invocations=815 (full 740):
 PSYoungGen      total 31232K, used 22014K [0x00000000f5580000, 0x00000000f7e80000, 0x0000000100000000)
  eden space 22016K, 99% used [0x00000000f5580000,0x00000000f6affba0,0x00000000f6b00000)
  from space 9216K, 0% used [0x00000000f6b00000,0x00000000f6b00000,0x00000000f7400000)
  to   space 7168K, 0% used [0x00000000f7580000,0x00000000f7580000,0x00000000f7c80000)
 ParOldGen       total 349696K, used 349695K [0x00000000e0000000, 0x00000000f5580000, 0x00000000f5580000)
  object space 349696K, 99% used [0x00000000e0000000,0x00000000f557ffe8,0x00000000f5580000)
 Metaspace       used 52701K, committed 53696K, reserved 1097728K
  class space    used 4992K, committed 5440K, reserved 1048576K
}
Event: 510.720 GC heap before
{Heap before GC invocations=816 (full 741):
 PSYoungGen      total 31232K, used 22016K [0x00000000f5580000, 0x00000000f7e80000, 0x0000000100000000)
  eden space 22016K, 100% used [0x00000000f5580000,0x00000000f6b00000,0x00000000f6b00000)
  from space 9216K, 0% used [0x00000000f6b00000,0x00000000f6b00000,0x00000000f7400000)
  to   space 7168K, 0% used [0x00000000f7580000,0x00000000f7580000,0x00000000f7c80000)
 ParOldGen       total 349696K, used 349695K [0x00000000e0000000, 0x00000000f5580000, 0x00000000f5580000)
  object space 349696K, 99% used [0x00000000e0000000,0x00000000f557ffe8,0x00000000f5580000)
 Metaspace       used 52701K, committed 53696K, reserved 1097728K
  class space    used 4992K, committed 5440K, reserved 1048576K
}
Event: 511.235 GC heap after
{Heap after GC invocations=816 (full 741):
 PSYoungGen      total 29184K, used 22015K [0x00000000f5580000, 0x00000000f7e80000, 0x0000000100000000)
  eden space 22016K, 99% used [0x00000000f5580000,0x00000000f6affcc8,0x00000000f6b00000)
  from space 7168K, 0% used [0x00000000f7580000,0x00000000f7580000,0x00000000f7c80000)
  to   space 9216K, 0% used [0x00000000f6b00000,0x00000000f6b00000,0x00000000f7400000)
 ParOldGen       total 349696K, used 349695K [0x00000000e0000000, 0x00000000f5580000, 0x00000000f5580000)
  object space 349696K, 99% used [0x00000000e0000000,0x00000000f557ffe8,0x00000000f5580000)
 Metaspace       used 52701K, committed 53696K, reserved 1097728K
  class space    used 4992K, committed 5440K, reserved 1048576K
}
Event: 511.235 GC heap before
{Heap before GC invocations=817 (full 742):
 PSYoungGen      total 29184K, used 22015K [0x00000000f5580000, 0x00000000f7e80000, 0x0000000100000000)
  eden space 22016K, 99% used [0x00000000f5580000,0x00000000f6afffd0,0x00000000f6b00000)
  from space 7168K, 0% used [0x00000000f7580000,0x00000000f7580000,0x00000000f7c80000)
  to   space 9216K, 0% used [0x00000000f6b00000,0x00000000f6b00000,0x00000000f7400000)
 ParOldGen       total 349696K, used 349695K [0x00000000e0000000, 0x00000000f5580000, 0x00000000f5580000)
  object space 349696K, 99% used [0x00000000e0000000,0x00000000f557ffe8,0x00000000f5580000)
 Metaspace       used 52701K, committed 53696K, reserved 1097728K
  class space    used 4992K, committed 5440K, reserved 1048576K
}
Event: 511.719 GC heap after
{Heap after GC invocations=817 (full 742):
 PSYoungGen      total 31232K, used 22015K [0x00000000f5580000, 0x00000000f7e80000, 0x0000000100000000)
  eden space 22016K, 99% used [0x00000000f5580000,0x00000000f6afff30,0x00000000f6b00000)
  from space 9216K, 0% used [0x00000000f6b00000,0x00000000f6b00000,0x00000000f7400000)
  to   space 7168K, 0% used [0x00000000f7580000,0x00000000f7580000,0x00000000f7c80000)
 ParOldGen       total 349696K, used 349695K [0x00000000e0000000, 0x00000000f5580000, 0x00000000f5580000)
  object space 349696K, 99% used [0x00000000e0000000,0x00000000f557ffe8,0x00000000f5580000)
 Metaspace       used 52701K, committed 53696K, reserved 1097728K
  class space    used 4992K, committed 5440K, reserved 1048576K
}
Event: 511.719 GC heap before
{Heap before GC invocations=818 (full 743):
 PSYoungGen      total 31232K, used 22015K [0x00000000f5580000, 0x00000000f7e80000, 0x0000000100000000)
  eden space 22016K, 99% used [0x00000000f5580000,0x00000000f6afff30,0x00000000f6b00000)
  from space 9216K, 0% used [0x00000000f6b00000,0x00000000f6b00000,0x00000000f7400000)
  to   space 7168K, 0% used [0x00000000f7580000,0x00000000f7580000,0x00000000f7c80000)
 ParOldGen       total 349696K, used 349695K [0x00000000e0000000, 0x00000000f5580000, 0x00000000f5580000)
  object space 349696K, 99% used [0x00000000e0000000,0x00000000f557ffe8,0x00000000f5580000)
 Metaspace       used 52701K, committed 53696K, reserved 1097728K
  class space    used 4992K, committed 5440K, reserved 1048576K
}
Event: 512.218 GC heap after
{Heap after GC invocations=818 (full 743):
 PSYoungGen      total 29184K, used 22015K [0x00000000f5580000, 0x00000000f7e80000, 0x0000000100000000)
  eden space 22016K, 99% used [0x00000000f5580000,0x00000000f6afff30,0x00000000f6b00000)
  from space 7168K, 0% used [0x00000000f7580000,0x00000000f7580000,0x00000000f7c80000)
  to   space 9216K, 0% used [0x00000000f6b00000,0x00000000f6b00000,0x00000000f7400000)
 ParOldGen       total 349696K, used 349695K [0x00000000e0000000, 0x00000000f5580000, 0x00000000f5580000)
  object space 349696K, 99% used [0x00000000e0000000,0x00000000f557ffe8,0x00000000f5580000)
 Metaspace       used 52701K, committed 53696K, reserved 1097728K
  class space    used 4992K, committed 5440K, reserved 1048576K
}
Event: 512.218 GC heap before
{Heap before GC invocations=819 (full 744):
 PSYoungGen      total 29184K, used 22015K [0x00000000f5580000, 0x00000000f7e80000, 0x0000000100000000)
  eden space 22016K, 99% used [0x00000000f5580000,0x00000000f6afffe0,0x00000000f6b00000)
  from space 7168K, 0% used [0x00000000f7580000,0x00000000f7580000,0x00000000f7c80000)
  to   space 9216K, 0% used [0x00000000f6b00000,0x00000000f6b00000,0x00000000f7400000)
 ParOldGen       total 349696K, used 349695K [0x00000000e0000000, 0x00000000f5580000, 0x00000000f5580000)
  object space 349696K, 99% used [0x00000000e0000000,0x00000000f557ffe8,0x00000000f5580000)
 Metaspace       used 52701K, committed 53696K, reserved 1097728K
  class space    used 4992K, committed 5440K, reserved 1048576K
}
Event: 512.765 GC heap after
{Heap after GC invocations=819 (full 744):
 PSYoungGen      total 31232K, used 22015K [0x00000000f5580000, 0x00000000f7e80000, 0x0000000100000000)
  eden space 22016K, 99% used [0x00000000f5580000,0x00000000f6afffa0,0x00000000f6b00000)
  from space 9216K, 0% used [0x00000000f6b00000,0x00000000f6b00000,0x00000000f7400000)
  to   space 7168K, 0% used [0x00000000f7580000,0x00000000f7580000,0x00000000f7c80000)
 ParOldGen       total 349696K, used 349694K [0x00000000e0000000, 0x00000000f5580000, 0x00000000f5580000)
  object space 349696K, 99% used [0x00000000e0000000,0x00000000f557fa48,0x00000000f5580000)
 Metaspace       used 52701K, committed 53696K, reserved 1097728K
  class space    used 4992K, committed 5440K, reserved 1048576K
}

